<?xml version="1.0" encoding="UTF-8"?>
<!-- Generated by org.testng.reporters.JUnitXMLReporter -->
<testsuite hostname="HoangNgocPC" ignored="4" name="ChoTot" tests="5" failures="0" timestamp="18 Nov 2018 21:15:30 GMT" time="142.937" errors="0">
  <testcase name="ChoTotLogin_001" time="33.721" classname="tests.choTotTestSuite.ChoTotLogin001"/>
  <testcase name="ChoTotLogin_002" time="23.854" classname="tests.choTotTestSuite.ChoTotLogin002"/>
  <testcase name="ChoTotLogin_003" time="24.283" classname="tests.choTotTestSuite.ChoTotLogin003"/>
  <testcase name="ChoTotLogin_004" time="23.698" classname="tests.choTotTestSuite.ChoTotLogin004"/>
  <testcase name="ChoTotLogin_005" time="23.726" classname="tests.choTotTestSuite.ChoTotLogin005"/>
  <testcase name="@BeforeSuite beforeSuite" time="0.0" classname="pageCommon.TestBase">
    <ignored/>
  </testcase> <!-- @BeforeSuite beforeSuite -->
  <testcase name="@BeforeSuite beforeSuite" time="0.0" classname="pageCommon.TestBase">
    <ignored/>
  </testcase> <!-- @BeforeSuite beforeSuite -->
  <testcase name="@BeforeSuite beforeSuite" time="0.0" classname="pageCommon.TestBase">
    <ignored/>
  </testcase> <!-- @BeforeSuite beforeSuite -->
  <testcase name="@BeforeSuite beforeSuite" time="0.0" classname="pageCommon.TestBase">
    <ignored/>
  </testcase> <!-- @BeforeSuite beforeSuite -->
</testsuite> <!-- ChoTot -->
