<?xml version="1.0" encoding="UTF-8"?>
<!-- Generated by org.testng.reporters.JUnitXMLReporter -->
<testsuite hostname="thi_ngoc" ignored="0" name="ChoTot" tests="1" failures="1" timestamp="16 Nov 2018 03:23:31 GMT" time="0.024" errors="0">
  <testcase name="ChoTotLogin_001" time="0.0" classname="tests.choTotTestSuite.ChoTotLogin001">
    <failure type="org.testng.TestNGException" message="
Data Provider public java.lang.String pageCommon.TestBase.getTestCaseName() must return either Object[][] or Object[] or Iterator&amp;lt;Object[]&amp;gt; or Iterator&amp;lt;Object&amp;gt;, not class java.lang.String">
      <![CDATA[org.testng.TestNGException: 
Data Provider public java.lang.String pageCommon.TestBase.getTestCaseName() must return either Object[][] or Object[] or Iterator<Object[]> or Iterator<Object>, not class java.lang.String
... Removed 22 stack frames]]>
    </failure>
  </testcase> <!-- ChoTotLogin_001 -->
</testsuite> <!-- ChoTot -->
